C:\USERS\1\DOCUMENTS\VISUAL STUDIO 2010\PROJECTS\MY\MY\DEBUG\DLLMAIN.ASM
C:\USERS\1\DOCUMENTS\VISUAL STUDIO 2010\PROJECTS\MY\MY\DEBUG\DLLMAIN.OBJ
C:\USERS\1\DOCUMENTS\VISUAL STUDIO 2010\PROJECTS\MY\MY\DEBUG\MY.ASM
C:\USERS\1\DOCUMENTS\VISUAL STUDIO 2010\PROJECTS\MY\MY\DEBUG\MY.OBJ
C:\USERS\1\DOCUMENTS\VISUAL STUDIO 2010\PROJECTS\MY\MY\DEBUG\VC100.PDB
D:\STK\PO\VC\PLUGINS\MY.DLL
D:\Stk\PO\vc\Plugins\My.exp
D:\STK\PO\VC\PLUGINS\MY.ILK
D:\Stk\PO\vc\Plugins\My.lib
D:\STK\PO\VC\PLUGINS\MY.PDB
D:\VisualStud\My\My\Debug\cl.command.1.tlog
D:\VisualStud\My\My\Debug\CL.read.1.tlog
D:\VisualStud\My\My\Debug\CL.write.1.tlog
D:\VISUALSTUD\MY\MY\DEBUG\DLLMAIN.ASM
D:\VISUALSTUD\MY\MY\DEBUG\DLLMAIN.OBJ
D:\VisualStud\My\My\Debug\link.command.1.tlog
D:\VisualStud\My\My\Debug\link.read.1.tlog
D:\VisualStud\My\My\Debug\link.write.1.tlog
D:\VisualStud\My\My\Debug\My.obj
D:\VisualStud\My\My\Debug\My.vcxprojResolveAssemblyReference.cache
D:\VisualStud\My\My\Debug\My.write.1.tlog
D:\VisualStud\My\My\Debug\vc100.idb
D:\VISUALSTUD\MY\MY\DEBUG\VC100.PDB
Y:\PLUGINS\MY.DLL
y:\Plugins\My.exp
Y:\PLUGINS\MY.ILK
y:\Plugins\My.lib
Y:\PLUGINS\MY.PDB
